<?xml version="1.0" encoding="UTF-8"?>
<!-- Generated by org.testng.reporters.JUnitReportReporter -->
<testsuite hostname="DESKTOP-KEOAFQU" failures="0" tests="5" name="com.tutorialninja.qa.testCases.LoginPageTest" time="12.770" errors="0" timestamp="2023-12-05T10:44:28 PST" skipped="0">
  <testcase classname="com.tutorialninja.qa.testCases.LoginPageTest" name="verifyLoginWithValidCred" time="2.496"/>
  <testcase classname="com.tutorialninja.qa.testCases.LoginPageTest" name="verifyLoginValidEmailInvalidPassword" time="2.332"/>
  <testcase classname="com.tutorialninja.qa.testCases.LoginPageTest" name="verifyLoginInvalidEmailValidPassword" time="3.209"/>
  <testcase classname="com.tutorialninja.qa.testCases.LoginPageTest" name="verifyLoginWithInvalidCred" time="2.422"/>
  <testcase classname="com.tutorialninja.qa.testCases.LoginPageTest" name="verifyLoginWithNoInputs" time="2.311"/>
</testsuite> <!-- com.tutorialninja.qa.testCases.LoginPageTest -->
