<?xml version="1.0" encoding="UTF-8"?>
<!-- Generated by org.testng.reporters.JUnitReportReporter -->
<testsuite hostname="DESKTOP-KEOAFQU" failures="0" tests="4" name="com.tutorialninja.qa.testCases.RegisterPageTest" time="13.962" errors="0" timestamp="2023-12-05T10:44:28 PST" skipped="0">
  <testcase classname="com.tutorialninja.qa.testCases.RegisterPageTest" name="verifyRegisteringAnAcountWithMandatoryFields" time="4.165"/>
  <testcase classname="com.tutorialninja.qa.testCases.RegisterPageTest" name="verifyRegisteringAccountProvidingAllFields" time="4.625"/>
  <testcase classname="com.tutorialninja.qa.testCases.RegisterPageTest" name="verifyRegisteringAccountWithExistingEmailAddress" time="2.658"/>
  <testcase classname="com.tutorialninja.qa.testCases.RegisterPageTest" name="verifyRegisteringAccountWithoutFillingAnyDetails" time="2.514"/>
</testsuite> <!-- com.tutorialninja.qa.testCases.RegisterPageTest -->
