<?xml version="1.0" encoding="UTF-8"?>
<!-- Generated by org.testng.reporters.JUnitReportReporter -->
<testsuite hostname="DESKTOP-KEOAFQU" failures="0" tests="4" name="com.tutorialninja.qa.testCases.RegisterPage" time="12.014" errors="0" timestamp="2023-12-05T10:49:30 PST" skipped="0">
  <testcase classname="com.tutorialninja.qa.testCases.RegisterPage" name="verifyRegisteringAnAcountWithMandatoryFields" time="3.618"/>
  <testcase classname="com.tutorialninja.qa.testCases.RegisterPage" name="verifyRegisteringAccountProvidingAllFields" time="2.574"/>
  <testcase classname="com.tutorialninja.qa.testCases.RegisterPage" name="verifyRegisteringAccountWithExistingEmailAddress" time="2.880"/>
  <testcase classname="com.tutorialninja.qa.testCases.RegisterPage" name="verifyRegisteringAccountWithoutFillingAnyDetails" time="2.942"/>
</testsuite> <!-- com.tutorialninja.qa.testCases.RegisterPage -->
