<?xml version="1.0" encoding="UTF-8"?>
<!-- Generated by org.testng.reporters.JUnitReportReporter -->
<testsuite hostname="DESKTOP-KEOAFQU" failures="0" tests="5" name="com.tutorialninja.qa.testCases.LoginPage" time="14.729" errors="0" timestamp="2023-12-05T10:49:30 PST" skipped="0">
  <testcase classname="com.tutorialninja.qa.testCases.LoginPage" name="verifyLoginWithValidCred" time="4.084"/>
  <testcase classname="com.tutorialninja.qa.testCases.LoginPage" name="verifyLoginValidEmailInvalidPassword" time="2.388"/>
  <testcase classname="com.tutorialninja.qa.testCases.LoginPage" name="verifyLoginInvalidEmailValidPassword" time="3.909"/>
  <testcase classname="com.tutorialninja.qa.testCases.LoginPage" name="verifyLoginWithInvalidCred" time="2.181"/>
  <testcase classname="com.tutorialninja.qa.testCases.LoginPage" name="verifyLoginWithNoInputs" time="2.167"/>
</testsuite> <!-- com.tutorialninja.qa.testCases.LoginPage -->
